Fri Jun 20 09:21:13 WAT 2025: style: remove console.log statements
Fri Jun 20 09:21:13 WAT 2025: style: reformat code with prettier
Fri Jun 20 09:21:14 WAT 2025: style: reformat code with prettier
Fri Jun 20 09:21:14 WAT 2025: 
Fri Jun 20 09:21:15 WAT 2025: fix: resolve crash on startup
Fri Jun 20 09:21:15 WAT 2025: test: add unit test for auth function
Fri Jun 20 09:21:15 WAT 2025: refactor: move helpers to utils.js
Fri Jun 20 09:21:16 WAT 2025: refactor: simplify loop logic
Fri Jun 20 09:21:16 WAT 2025: feat: add support for dark mode
Fri Jun 20 09:21:17 WAT 2025: chore: clean up unused imports
Fri Jun 20 09:21:17 WAT 2025: docs: fix broken link in documentation
Fri Jun 20 09:21:18 WAT 2025: chore: clean up unused imports
Fri Jun 20 09:21:18 WAT 2025: fix: correct minor typo
Fri Jun 20 09:21:19 WAT 2025: fix: resolve crash on startup
Fri Jun 20 09:21:19 WAT 2025: fix: correct minor typo
Fri Jun 20 09:21:19 WAT 2025: feat: add support for dark mode
Fri Jun 20 09:21:20 WAT 2025: feat: add support for dark mode
Fri Jun 20 09:21:20 WAT 2025: refactor: simplify loop logic
Fri Jun 20 09:21:21 WAT 2025: fix: correct DB connection timeout
Fri Jun 20 09:21:21 WAT 2025: refactor: restructure component tree
Fri Jun 20 09:21:21 WAT 2025: refactor: restructure component tree
Fri Jun 20 09:21:22 WAT 2025: fix: correct DB connection timeout
Fri Jun 20 09:21:25 WAT 2025: style: reformat code with prettier
Fri Jun 20 09:21:25 WAT 2025: feat: add support for dark mode
Fri Jun 20 09:21:26 WAT 2025: test: add unit test for auth function
Fri Jun 20 09:21:26 WAT 2025: style: remove console.log statements
Fri Jun 20 09:21:27 WAT 2025: fix: resolve crash on startup
Fri Jun 20 09:21:27 WAT 2025: fix: handle edge case in parser
Fri Jun 20 09:21:27 WAT 2025: feat: add basic error handling
Fri Jun 20 09:21:28 WAT 2025: fix: resolve crash on startup
Fri Jun 20 09:21:28 WAT 2025: chore: update package-lock.json
Fri Jun 20 09:21:29 WAT 2025: fix: resolve crash on startup
Fri Jun 20 09:21:29 WAT 2025: chore: update package-lock.json
Fri Jun 20 09:21:30 WAT 2025: perf: improve loading time
Fri Jun 20 09:21:30 WAT 2025: fix: resolve crash on startup
Fri Jun 20 09:21:30 WAT 2025: feat: add basic error handling
Fri Jun 20 09:21:31 WAT 2025: chore: bump version to 1.0.1
Fri Jun 20 09:21:31 WAT 2025: chore: bump version to 1.0.1
Fri Jun 20 09:21:32 WAT 2025: 
Fri Jun 20 09:21:32 WAT 2025: chore: update package-lock.json
ven. 20 juin 2025 11:45:29 WAT: feat(auth): implement JWT-based login authentication

Added a middleware to verify tokens and updated the login route to return a JWT. This will allow secure and stateless user sessions.
ven. 20 juin 2025 11:45:30 WAT: feat(profile): allow users to upload avatar images

Integrated file upload using multer and added an endpoint for uploading profile pictures. Files are now stored in /uploads.
